{"D:\\_Proyectos personales\\06-api-favoritos\\app.ts": {"path":"D:\\_Proyectos personales\\06-api-favoritos\\app.ts","statementMap":{"0":{"start":{"line":2,"column":0},"end":{"line":2,"column":33}},"1":{"start":{"line":4,"column":0},"end":{"line":4,"column":45}},"2":{"start":{"line":6,"column":0},"end":{"line":6,"column":47}},"3":{"start":{"line":7,"column":0},"end":{"line":7,"column":45}},"4":{"start":{"line":8,"column":0},"end":{"line":8,"column":42}},"5":{"start":{"line":9,"column":0},"end":{"line":9,"column":37}},"6":{"start":{"line":11,"column":24},"end":{"line":11,"column":33}},"7":{"start":{"line":13,"column":12},"end":{"line":13,"column":32}},"8":{"start":{"line":15,"column":0},"end":{"line":17,"column":null}},"9":{"start":{"line":16,"column":2},"end":{"line":16,"column":14}},"10":{"start":{"line":19,"column":0},"end":{"line":19,"column":19}},"11":{"start":{"line":20,"column":0},"end":{"line":20,"column":12}},"12":{"start":{"line":22,"column":0},"end":{"line":22,"column":19}}},"fnMap":{},"branchMap":{"0":{"loc":{"start":{"line":15,"column":0},"end":{"line":17,"column":null}},"type":"if","locations":[{"start":{"line":15,"column":0},"end":{"line":17,"column":null}}]}},"s":{"0":2,"1":2,"2":2,"3":2,"4":2,"5":2,"6":2,"7":2,"8":2,"9":0,"10":2,"11":2,"12":2},"f":{},"b":{"0":[0]}}
,"D:\\_Proyectos personales\\06-api-favoritos\\api\\favourites\\favourites.controller.ts": {"path":"D:\\_Proyectos personales\\06-api-favoritos\\api\\favourites\\favourites.controller.ts","statementMap":{"0":{"start":{"line":2,"column":0},"end":{"line":2,"column":43}},"1":{"start":{"line":3,"column":0},"end":{"line":3,"column":null}},"2":{"start":{"line":11,"column":32},"end":{"line":24,"column":2}},"3":{"start":{"line":11,"column":78},"end":{"line":24,"column":2}},"4":{"start":{"line":12,"column":19},"end":{"line":12,"column":22}},"5":{"start":{"line":14,"column":2},"end":{"line":23,"column":null}},"6":{"start":{"line":15,"column":21},"end":{"line":15,"column":57}},"7":{"start":{"line":17,"column":4},"end":{"line":17,"column":30}},"8":{"start":{"line":19,"column":4},"end":{"line":21,"column":null}},"9":{"start":{"line":20,"column":6},"end":{"line":20,"column":49}},"10":{"start":{"line":22,"column":4},"end":{"line":22,"column":61}},"11":{"start":{"line":11,"column":13},"end":{"line":11,"column":32}},"12":{"start":{"line":26,"column":35},"end":{"line":47,"column":2}},"13":{"start":{"line":26,"column":75},"end":{"line":47,"column":2}},"14":{"start":{"line":27,"column":19},"end":{"line":27,"column":22}},"15":{"start":{"line":29,"column":2},"end":{"line":31,"column":null}},"16":{"start":{"line":30,"column":4},"end":{"line":30,"column":66}},"17":{"start":{"line":32,"column":22},"end":{"line":32,"column":63}},"18":{"start":{"line":34,"column":2},"end":{"line":36,"column":null}},"19":{"start":{"line":35,"column":4},"end":{"line":35,"column":91}},"20":{"start":{"line":38,"column":2},"end":{"line":46,"column":null}},"21":{"start":{"line":39,"column":23},"end":{"line":39,"column":47}},"22":{"start":{"line":40,"column":4},"end":{"line":40,"column":44}},"23":{"start":{"line":42,"column":4},"end":{"line":44,"column":null}},"24":{"start":{"line":43,"column":6},"end":{"line":43,"column":49}},"25":{"start":{"line":45,"column":4},"end":{"line":45,"column":64}},"26":{"start":{"line":26,"column":13},"end":{"line":26,"column":35}},"27":{"start":{"line":49,"column":32},"end":{"line":63,"column":2}},"28":{"start":{"line":49,"column":78},"end":{"line":63,"column":2}},"29":{"start":{"line":50,"column":17},"end":{"line":50,"column":27}},"30":{"start":{"line":51,"column":19},"end":{"line":51,"column":22}},"31":{"start":{"line":53,"column":2},"end":{"line":62,"column":null}},"32":{"start":{"line":54,"column":20},"end":{"line":54,"column":60}},"33":{"start":{"line":56,"column":4},"end":{"line":56,"column":29}},"34":{"start":{"line":58,"column":4},"end":{"line":60,"column":null}},"35":{"start":{"line":59,"column":6},"end":{"line":59,"column":49}},"36":{"start":{"line":61,"column":4},"end":{"line":61,"column":61}},"37":{"start":{"line":49,"column":13},"end":{"line":49,"column":32}},"38":{"start":{"line":65,"column":36},"end":{"line":79,"column":2}},"39":{"start":{"line":65,"column":82},"end":{"line":79,"column":2}},"40":{"start":{"line":66,"column":17},"end":{"line":66,"column":27}},"41":{"start":{"line":67,"column":25},"end":{"line":67,"column":28}},"42":{"start":{"line":69,"column":2},"end":{"line":78,"column":null}},"43":{"start":{"line":70,"column":27},"end":{"line":70,"column":96}},"44":{"start":{"line":72,"column":4},"end":{"line":72,"column":36}},"45":{"start":{"line":74,"column":4},"end":{"line":76,"column":null}},"46":{"start":{"line":75,"column":6},"end":{"line":75,"column":49}},"47":{"start":{"line":77,"column":4},"end":{"line":77,"column":65}},"48":{"start":{"line":65,"column":13},"end":{"line":65,"column":36}}},"fnMap":{"0":{"name":"(anonymous_8)","decl":{"start":{"line":11,"column":32},"end":{"line":11,"column":39}},"loc":{"start":{"line":11,"column":78},"end":{"line":24,"column":2}}},"1":{"name":"(anonymous_9)","decl":{"start":{"line":11,"column":78},"end":{"line":11,"column":null}},"loc":{"start":{"line":11,"column":78},"end":{"line":24,"column":1}}},"2":{"name":"(anonymous_10)","decl":{"start":{"line":26,"column":35},"end":{"line":26,"column":42}},"loc":{"start":{"line":26,"column":75},"end":{"line":47,"column":2}}},"3":{"name":"(anonymous_11)","decl":{"start":{"line":26,"column":75},"end":{"line":26,"column":null}},"loc":{"start":{"line":26,"column":75},"end":{"line":47,"column":1}}},"4":{"name":"(anonymous_12)","decl":{"start":{"line":49,"column":32},"end":{"line":49,"column":39}},"loc":{"start":{"line":49,"column":78},"end":{"line":63,"column":2}}},"5":{"name":"(anonymous_13)","decl":{"start":{"line":49,"column":78},"end":{"line":49,"column":null}},"loc":{"start":{"line":49,"column":78},"end":{"line":63,"column":1}}},"6":{"name":"(anonymous_14)","decl":{"start":{"line":65,"column":36},"end":{"line":65,"column":43}},"loc":{"start":{"line":65,"column":82},"end":{"line":79,"column":2}}},"7":{"name":"(anonymous_15)","decl":{"start":{"line":65,"column":82},"end":{"line":65,"column":null}},"loc":{"start":{"line":65,"column":82},"end":{"line":79,"column":1}}}},"branchMap":{"0":{"loc":{"start":{"line":19,"column":4},"end":{"line":21,"column":null}},"type":"if","locations":[{"start":{"line":19,"column":4},"end":{"line":21,"column":null}}]},"1":{"loc":{"start":{"line":29,"column":2},"end":{"line":31,"column":null}},"type":"if","locations":[{"start":{"line":29,"column":2},"end":{"line":31,"column":null}}]},"2":{"loc":{"start":{"line":29,"column":6},"end":{"line":29,"column":32}},"type":"binary-expr","locations":[{"start":{"line":29,"column":6},"end":{"line":29,"column":16}},{"start":{"line":29,"column":20},"end":{"line":29,"column":32}}]},"3":{"loc":{"start":{"line":34,"column":2},"end":{"line":36,"column":null}},"type":"if","locations":[{"start":{"line":34,"column":2},"end":{"line":36,"column":null}}]},"4":{"loc":{"start":{"line":42,"column":4},"end":{"line":44,"column":null}},"type":"if","locations":[{"start":{"line":42,"column":4},"end":{"line":44,"column":null}}]},"5":{"loc":{"start":{"line":58,"column":4},"end":{"line":60,"column":null}},"type":"if","locations":[{"start":{"line":58,"column":4},"end":{"line":60,"column":null}}]},"6":{"loc":{"start":{"line":74,"column":4},"end":{"line":76,"column":null}},"type":"if","locations":[{"start":{"line":74,"column":4},"end":{"line":76,"column":null}}]}},"s":{"0":2,"1":2,"2":2,"3":1,"4":1,"5":1,"6":1,"7":1,"8":0,"9":0,"10":0,"11":2,"12":2,"13":3,"14":3,"15":3,"16":0,"17":3,"18":3,"19":0,"20":3,"21":3,"22":3,"23":0,"24":0,"25":0,"26":2,"27":2,"28":2,"29":2,"30":2,"31":2,"32":2,"33":2,"34":0,"35":0,"36":0,"37":2,"38":2,"39":3,"40":3,"41":3,"42":3,"43":3,"44":3,"45":0,"46":0,"47":0,"48":2},"f":{"0":1,"1":1,"2":3,"3":3,"4":2,"5":2,"6":3,"7":3},"b":{"0":[0],"1":[0],"2":[3,3],"3":[0],"4":[0],"5":[0],"6":[0]}}
,"D:\\_Proyectos personales\\06-api-favoritos\\api\\favourites\\favourites.model.ts": {"path":"D:\\_Proyectos personales\\06-api-favoritos\\api\\favourites\\favourites.model.ts","statementMap":{"0":{"start":{"line":1,"column":0},"end":{"line":1,"column":32}},"1":{"start":{"line":4,"column":25},"end":{"line":32,"column":2}},"2":{"start":{"line":34,"column":0},"end":{"line":34,"column":74}}},"fnMap":{},"branchMap":{},"s":{"0":2,"1":2,"2":2},"f":{},"b":{}}
,"D:\\_Proyectos personales\\06-api-favoritos\\api\\users\\index.ts": {"path":"D:\\_Proyectos personales\\06-api-favoritos\\api\\users\\index.ts","statementMap":{"0":{"start":{"line":1,"column":0},"end":{"line":1,"column":33}},"1":{"start":{"line":2,"column":0},"end":{"line":2,"column":null}},"2":{"start":{"line":8,"column":15},"end":{"line":8,"column":23}},"3":{"start":{"line":10,"column":0},"end":{"line":10,"column":40}},"4":{"start":{"line":11,"column":0},"end":{"line":11,"column":42}},"5":{"start":{"line":12,"column":0},"end":{"line":12,"column":40}},"6":{"start":{"line":14,"column":0},"end":{"line":14,"column":22}}},"fnMap":{},"branchMap":{},"s":{"0":2,"1":2,"2":2,"3":2,"4":2,"5":2,"6":2},"f":{},"b":{}}
,"D:\\_Proyectos personales\\06-api-favoritos\\api\\users\\users.controller.ts": {"path":"D:\\_Proyectos personales\\06-api-favoritos\\api\\users\\users.controller.ts","statementMap":{"0":{"start":{"line":2,"column":0},"end":{"line":2,"column":70}},"1":{"start":{"line":4,"column":34},"end":{"line":15,"column":2}},"2":{"start":{"line":4,"column":72},"end":{"line":15,"column":2}},"3":{"start":{"line":5,"column":2},"end":{"line":14,"column":null}},"4":{"start":{"line":6,"column":18},"end":{"line":6,"column":37}},"5":{"start":{"line":8,"column":4},"end":{"line":8,"column":27}},"6":{"start":{"line":10,"column":4},"end":{"line":12,"column":null}},"7":{"start":{"line":11,"column":6},"end":{"line":11,"column":49}},"8":{"start":{"line":13,"column":4},"end":{"line":13,"column":63}},"9":{"start":{"line":4,"column":13},"end":{"line":4,"column":34}},"10":{"start":{"line":17,"column":33},"end":{"line":30,"column":2}},"11":{"start":{"line":17,"column":71},"end":{"line":30,"column":2}},"12":{"start":{"line":18,"column":17},"end":{"line":18,"column":27}},"13":{"start":{"line":20,"column":2},"end":{"line":29,"column":null}},"14":{"start":{"line":21,"column":17},"end":{"line":21,"column":37}},"15":{"start":{"line":23,"column":4},"end":{"line":23,"column":26}},"16":{"start":{"line":25,"column":4},"end":{"line":27,"column":null}},"17":{"start":{"line":26,"column":6},"end":{"line":26,"column":49}},"18":{"start":{"line":28,"column":4},"end":{"line":28,"column":62}},"19":{"start":{"line":17,"column":13},"end":{"line":17,"column":33}},"20":{"start":{"line":32,"column":33},"end":{"line":53,"column":2}},"21":{"start":{"line":32,"column":71},"end":{"line":53,"column":2}},"22":{"start":{"line":33,"column":30},"end":{"line":33,"column":38}},"23":{"start":{"line":35,"column":2},"end":{"line":37,"column":null}},"24":{"start":{"line":36,"column":4},"end":{"line":36,"column":61}},"25":{"start":{"line":39,"column":2},"end":{"line":41,"column":null}},"26":{"start":{"line":40,"column":4},"end":{"line":40,"column":79}},"27":{"start":{"line":43,"column":2},"end":{"line":52,"column":null}},"28":{"start":{"line":44,"column":17},"end":{"line":44,"column":50}},"29":{"start":{"line":46,"column":4},"end":{"line":46,"column":38}},"30":{"start":{"line":48,"column":4},"end":{"line":50,"column":null}},"31":{"start":{"line":49,"column":6},"end":{"line":49,"column":49}},"32":{"start":{"line":51,"column":4},"end":{"line":51,"column":62}},"33":{"start":{"line":32,"column":13},"end":{"line":32,"column":33}}},"fnMap":{"0":{"name":"(anonymous_7)","decl":{"start":{"line":4,"column":34},"end":{"line":4,"column":41}},"loc":{"start":{"line":4,"column":72},"end":{"line":15,"column":2}}},"1":{"name":"(anonymous_8)","decl":{"start":{"line":4,"column":72},"end":{"line":4,"column":null}},"loc":{"start":{"line":4,"column":72},"end":{"line":15,"column":1}}},"2":{"name":"(anonymous_9)","decl":{"start":{"line":17,"column":33},"end":{"line":17,"column":40}},"loc":{"start":{"line":17,"column":71},"end":{"line":30,"column":2}}},"3":{"name":"(anonymous_10)","decl":{"start":{"line":17,"column":71},"end":{"line":17,"column":null}},"loc":{"start":{"line":17,"column":71},"end":{"line":30,"column":1}}},"4":{"name":"(anonymous_11)","decl":{"start":{"line":32,"column":33},"end":{"line":32,"column":40}},"loc":{"start":{"line":32,"column":71},"end":{"line":53,"column":2}}},"5":{"name":"(anonymous_12)","decl":{"start":{"line":32,"column":71},"end":{"line":32,"column":null}},"loc":{"start":{"line":32,"column":71},"end":{"line":53,"column":1}}}},"branchMap":{"0":{"loc":{"start":{"line":10,"column":4},"end":{"line":12,"column":null}},"type":"if","locations":[{"start":{"line":10,"column":4},"end":{"line":12,"column":null}}]},"1":{"loc":{"start":{"line":25,"column":4},"end":{"line":27,"column":null}},"type":"if","locations":[{"start":{"line":25,"column":4},"end":{"line":27,"column":null}}]},"2":{"loc":{"start":{"line":35,"column":2},"end":{"line":37,"column":null}},"type":"if","locations":[{"start":{"line":35,"column":2},"end":{"line":37,"column":null}}]},"3":{"loc":{"start":{"line":35,"column":6},"end":{"line":35,"column":51}},"type":"binary-expr","locations":[{"start":{"line":35,"column":6},"end":{"line":35,"column":25}},{"start":{"line":35,"column":29},"end":{"line":35,"column":51}}]},"4":{"loc":{"start":{"line":39,"column":2},"end":{"line":41,"column":null}},"type":"if","locations":[{"start":{"line":39,"column":2},"end":{"line":41,"column":null}}]},"5":{"loc":{"start":{"line":48,"column":4},"end":{"line":50,"column":null}},"type":"if","locations":[{"start":{"line":48,"column":4},"end":{"line":50,"column":null}}]}},"s":{"0":2,"1":2,"2":1,"3":1,"4":1,"5":1,"6":0,"7":0,"8":0,"9":2,"10":2,"11":1,"12":1,"13":1,"14":1,"15":1,"16":0,"17":0,"18":0,"19":2,"20":2,"21":4,"22":4,"23":4,"24":0,"25":4,"26":0,"27":4,"28":4,"29":4,"30":0,"31":0,"32":0,"33":2},"f":{"0":1,"1":1,"2":1,"3":1,"4":4,"5":4},"b":{"0":[0],"1":[0],"2":[0],"3":[4,4],"4":[0],"5":[0]}}
,"D:\\_Proyectos personales\\06-api-favoritos\\api\\users\\users.model.ts": {"path":"D:\\_Proyectos personales\\06-api-favoritos\\api\\users\\users.model.ts","statementMap":{"0":{"start":{"line":1,"column":0},"end":{"line":1,"column":32}},"1":{"start":{"line":2,"column":0},"end":{"line":2,"column":28}},"2":{"start":{"line":5,"column":19},"end":{"line":31,"column":2}},"3":{"start":{"line":33,"column":0},"end":{"line":39,"column":2}},"4":{"start":{"line":34,"column":15},"end":{"line":34,"column":19}},"5":{"start":{"line":36,"column":44},"end":{"line":36,"column":59}},"6":{"start":{"line":36,"column":30},"end":{"line":36,"column":35}},"7":{"start":{"line":36,"column":39},"end":{"line":36,"column":44}},"8":{"start":{"line":38,"column":2},"end":{"line":38,"column":14}},"9":{"start":{"line":41,"column":0},"end":{"line":59,"column":3}},"10":{"start":{"line":42,"column":15},"end":{"line":42,"column":19}},"11":{"start":{"line":43,"column":2},"end":{"line":58,"column":null}},"12":{"start":{"line":44,"column":4},"end":{"line":46,"column":null}},"13":{"start":{"line":45,"column":6},"end":{"line":45,"column":20}},"14":{"start":{"line":48,"column":17},"end":{"line":48,"column":41}},"15":{"start":{"line":49,"column":17},"end":{"line":49,"column":55}},"16":{"start":{"line":51,"column":4},"end":{"line":51,"column":25}},"17":{"start":{"line":52,"column":4},"end":{"line":52,"column":18}},"18":{"start":{"line":54,"column":4},"end":{"line":56,"column":null}},"19":{"start":{"line":55,"column":6},"end":{"line":55,"column":25}},"20":{"start":{"line":57,"column":4},"end":{"line":57,"column":54}},"21":{"start":{"line":61,"column":0},"end":{"line":68,"column":2}},"22":{"start":{"line":62,"column":15},"end":{"line":62,"column":19}},"23":{"start":{"line":63,"column":2},"end":{"line":67,"column":null}},"24":{"start":{"line":64,"column":4},"end":{"line":64,"column":64}},"25":{"start":{"line":66,"column":4},"end":{"line":66,"column":17}},"26":{"start":{"line":70,"column":0},"end":{"line":70,"column":57}}},"fnMap":{"0":{"name":"(anonymous_9)","decl":{"start":{"line":33,"column":28},"end":{"line":33,"column":null}},"loc":{"start":{"line":33,"column":28},"end":{"line":39,"column":1}}},"1":{"name":"(anonymous_10)","decl":{"start":{"line":41,"column":23},"end":{"line":41,"column":39}},"loc":{"start":{"line":41,"column":43},"end":{"line":59,"column":2}}},"2":{"name":"(anonymous_12)","decl":{"start":{"line":61,"column":37},"end":{"line":61,"column":53}},"loc":{"start":{"line":61,"column":77},"end":{"line":68,"column":2}}}},"branchMap":{"0":{"loc":{"start":{"line":44,"column":4},"end":{"line":46,"column":null}},"type":"if","locations":[{"start":{"line":44,"column":4},"end":{"line":46,"column":null}}]},"1":{"loc":{"start":{"line":54,"column":4},"end":{"line":56,"column":null}},"type":"if","locations":[{"start":{"line":54,"column":4},"end":{"line":56,"column":null}}]}},"s":{"0":2,"1":2,"2":2,"3":2,"4":9,"5":9,"6":9,"7":9,"8":9,"9":2,"10":4,"11":4,"12":4,"13":0,"14":4,"15":4,"16":4,"17":4,"18":0,"19":0,"20":0,"21":2,"22":0,"23":0,"24":0,"25":0,"26":2},"f":{"0":9,"1":4,"2":0},"b":{"0":[0],"1":[0]}}
,"D:\\_Proyectos personales\\06-api-favoritos\\config\\database.ts": {"path":"D:\\_Proyectos personales\\06-api-favoritos\\config\\database.ts","statementMap":{"0":{"start":{"line":2,"column":0},"end":{"line":2,"column":32}},"1":{"start":{"line":4,"column":12},"end":{"line":4,"column":32}},"2":{"start":{"line":6,"column":30},"end":{"line":6,"column":32}},"3":{"start":{"line":8,"column":0},"end":{"line":12,"column":null}},"4":{"start":{"line":9,"column":2},"end":{"line":9,"column":38}},"5":{"start":{"line":11,"column":2},"end":{"line":11,"column":33}},"6":{"start":{"line":14,"column":18},"end":{"line":24,"column":2}},"7":{"start":{"line":14,"column":29},"end":{"line":24,"column":2}},"8":{"start":{"line":15,"column":2},"end":{"line":23,"column":null}},"9":{"start":{"line":16,"column":4},"end":{"line":19,"column":null}},"10":{"start":{"line":17,"column":6},"end":{"line":17,"column":34}},"11":{"start":{"line":18,"column":6},"end":{"line":18,"column":39}},"12":{"start":{"line":21,"column":4},"end":{"line":21,"column":25}},"13":{"start":{"line":22,"column":4},"end":{"line":22,"column":20}},"14":{"start":{"line":26,"column":0},"end":{"line":26,"column":25}}},"fnMap":{"0":{"name":"(anonymous_8)","decl":{"start":{"line":14,"column":18},"end":{"line":14,"column":27}},"loc":{"start":{"line":14,"column":29},"end":{"line":24,"column":2}}},"1":{"name":"(anonymous_9)","decl":{"start":{"line":14,"column":29},"end":{"line":14,"column":null}},"loc":{"start":{"line":14,"column":29},"end":{"line":24,"column":1}}}},"branchMap":{"0":{"loc":{"start":{"line":8,"column":0},"end":{"line":12,"column":null}},"type":"if","locations":[{"start":{"line":8,"column":0},"end":{"line":12,"column":null}},{"start":{"line":10,"column":7},"end":{"line":12,"column":null}}]},"1":{"loc":{"start":{"line":16,"column":4},"end":{"line":19,"column":null}},"type":"if","locations":[{"start":{"line":16,"column":4},"end":{"line":19,"column":null}}]}},"s":{"0":2,"1":2,"2":2,"3":2,"4":2,"5":0,"6":2,"7":2,"8":2,"9":2,"10":2,"11":2,"12":0,"13":0,"14":2},"f":{"0":2,"1":2},"b":{"0":[2,0],"1":[2]}}
,"D:\\_Proyectos personales\\06-api-favoritos\\tests\\testHelpers\\initialData.ts": {"path":"D:\\_Proyectos personales\\06-api-favoritos\\tests\\testHelpers\\initialData.ts","statementMap":{"0":{"start":{"line":1,"column":13},"end":{"line":12,"column":3}},"1":{"start":{"line":14,"column":13},"end":{"line":23,"column":3}},"2":{"start":{"line":25,"column":13},"end":{"line":37,"column":3}}},"fnMap":{},"branchMap":{},"s":{"0":2,"1":2,"2":2},"f":{},"b":{}}
}
