TN:
SF:app.ts
FNF:0
FNH:0
DA:2,2
DA:4,2
DA:6,2
DA:7,2
DA:8,2
DA:9,2
DA:11,2
DA:13,2
DA:15,2
DA:16,0
DA:19,2
DA:20,2
DA:22,2
LF:13
LH:12
BRDA:15,0,0,0
BRF:1
BRH:0
end_of_record
TN:
SF:api\favourites\favourites.controller.ts
FN:11,(anonymous_8)
FN:11,(anonymous_9)
FN:26,(anonymous_10)
FN:26,(anonymous_11)
FN:49,(anonymous_12)
FN:49,(anonymous_13)
FN:65,(anonymous_14)
FN:65,(anonymous_15)
FNF:8
FNH:8
FNDA:1,(anonymous_8)
FNDA:1,(anonymous_9)
FNDA:3,(anonymous_10)
FNDA:3,(anonymous_11)
FNDA:2,(anonymous_12)
FNDA:2,(anonymous_13)
FNDA:3,(anonymous_14)
FNDA:3,(anonymous_15)
DA:2,2
DA:3,2
DA:11,2
DA:12,1
DA:14,1
DA:15,1
DA:17,1
DA:19,0
DA:20,0
DA:22,0
DA:26,3
DA:27,3
DA:29,3
DA:30,0
DA:32,3
DA:34,3
DA:35,0
DA:38,3
DA:39,3
DA:40,3
DA:42,0
DA:43,0
DA:45,0
DA:49,2
DA:50,2
DA:51,2
DA:53,2
DA:54,2
DA:56,2
DA:58,0
DA:59,0
DA:61,0
DA:65,3
DA:66,3
DA:67,3
DA:69,3
DA:70,3
DA:72,3
DA:74,0
DA:75,0
DA:77,0
LF:41
LH:27
BRDA:19,0,0,0
BRDA:29,1,0,0
BRDA:29,2,0,3
BRDA:29,2,1,3
BRDA:34,3,0,0
BRDA:42,4,0,0
BRDA:58,5,0,0
BRDA:74,6,0,0
BRF:8
BRH:2
end_of_record
TN:
SF:api\favourites\favourites.model.ts
FNF:0
FNH:0
DA:1,2
DA:4,2
DA:34,2
LF:3
LH:3
BRF:0
BRH:0
end_of_record
TN:
SF:api\users\index.ts
FNF:0
FNH:0
DA:1,2
DA:2,2
DA:8,2
DA:10,2
DA:11,2
DA:12,2
DA:14,2
LF:7
LH:7
BRF:0
BRH:0
end_of_record
TN:
SF:api\users\users.controller.ts
FN:4,(anonymous_7)
FN:4,(anonymous_8)
FN:17,(anonymous_9)
FN:17,(anonymous_10)
FN:32,(anonymous_11)
FN:32,(anonymous_12)
FNF:6
FNH:6
FNDA:1,(anonymous_7)
FNDA:1,(anonymous_8)
FNDA:1,(anonymous_9)
FNDA:1,(anonymous_10)
FNDA:4,(anonymous_11)
FNDA:4,(anonymous_12)
DA:2,2
DA:4,2
DA:5,1
DA:6,1
DA:8,1
DA:10,0
DA:11,0
DA:13,0
DA:17,2
DA:18,1
DA:20,1
DA:21,1
DA:23,1
DA:25,0
DA:26,0
DA:28,0
DA:32,4
DA:33,4
DA:35,4
DA:36,0
DA:39,4
DA:40,0
DA:43,4
DA:44,4
DA:46,4
DA:48,0
DA:49,0
DA:51,0
LF:28
LH:17
BRDA:10,0,0,0
BRDA:25,1,0,0
BRDA:35,2,0,0
BRDA:35,3,0,4
BRDA:35,3,1,4
BRDA:39,4,0,0
BRDA:48,5,0,0
BRF:7
BRH:2
end_of_record
TN:
SF:api\users\users.model.ts
FN:33,(anonymous_9)
FN:41,(anonymous_10)
FN:61,(anonymous_12)
FNF:3
FNH:2
FNDA:9,(anonymous_9)
FNDA:4,(anonymous_10)
FNDA:0,(anonymous_12)
DA:1,2
DA:2,2
DA:5,2
DA:33,2
DA:34,9
DA:36,9
DA:38,9
DA:41,2
DA:42,4
DA:43,4
DA:44,4
DA:45,0
DA:48,4
DA:49,4
DA:51,4
DA:52,4
DA:54,0
DA:55,0
DA:57,0
DA:61,2
DA:62,0
DA:63,0
DA:64,0
DA:66,0
DA:70,2
LF:25
LH:17
BRDA:44,0,0,0
BRDA:54,1,0,0
BRF:2
BRH:0
end_of_record
TN:
SF:config\database.ts
FN:14,(anonymous_8)
FN:14,(anonymous_9)
FNF:2
FNH:2
FNDA:2,(anonymous_8)
FNDA:2,(anonymous_9)
DA:2,2
DA:4,2
DA:6,2
DA:8,2
DA:9,2
DA:11,0
DA:14,2
DA:15,2
DA:16,2
DA:17,2
DA:18,2
DA:21,0
DA:22,0
DA:26,2
LF:14
LH:11
BRDA:8,0,0,2
BRDA:8,0,1,0
BRDA:16,1,0,2
BRF:3
BRH:2
end_of_record
TN:
SF:tests\testHelpers\initialData.ts
FNF:0
FNH:0
DA:1,2
DA:14,2
DA:25,2
LF:3
LH:3
BRF:0
BRH:0
end_of_record
